

Microchip MPLAB XC8 Assembler V2.32 build 20210201212658 
                                                                                               Thu Mar 03 16:30:48 2022

Microchip MPLAB XC8 C Compiler v2.32 (Free license) build 20210201212658 Og1 
     1                           	processor	16F887
     2                           	pagewidth 120
     3                           	opt	flic
     4                           	psect	cinit,global,class=CODE,merge=1,delta=2
     5                           	psect	bssCOMMON,global,class=COMMON,space=1,delta=1,noexec
     6                           	psect	cstackCOMMON,global,class=COMMON,space=1,delta=1,noexec
     7                           	psect	maintext,global,class=CODE,split=1,delta=2
     8                           	psect	text1,local,class=CODE,merge=1,delta=2
     9                           	psect	text2,local,class=CODE,merge=1,delta=2
    10                           	psect	text3,local,class=CODE,merge=1,delta=2
    11                           	psect	intentry,global,class=CODE,delta=2
    12                           	psect	config,global,abs,ovrld,class=CONFIG,space=4,delta=2,noexec
    13                           	dabs	1,0x7E,2
    14  0000                     
    15                           ; Version 2.20
    16                           ; Generated 12/02/2020 GMT
    17                           ; 
    18                           ; Copyright © 2020, Microchip Technology Inc. and its subsidiaries ("Microchip")
    19                           ; All rights reserved.
    20                           ; 
    21                           ; This software is developed by Microchip Technology Inc. and its subsidiaries ("Microch
      +                          ip").
    22                           ; 
    23                           ; Redistribution and use in source and binary forms, with or without modification, are
    24                           ; permitted provided that the following conditions are met:
    25                           ; 
    26                           ;     1. Redistributions of source code must retain the above copyright notice, this lis
      +                          t of
    27                           ;        conditions and the following disclaimer.
    28                           ; 
    29                           ;     2. Redistributions in binary form must reproduce the above copyright notice, this 
      +                          list
    30                           ;        of conditions and the following disclaimer in the documentation and/or other
    31                           ;        materials provided with the distribution.
    32                           ; 
    33                           ;     3. Microchip's name may not be used to endorse or promote products derived from th
      +                          is
    34                           ;        software without specific prior written permission.
    35                           ; 
    36                           ; THIS SOFTWARE IS PROVIDED BY MICROCHIP "AS IS" AND ANY EXPRESS OR IMPLIED WARRANTIES,
    37                           ; INCLUDING, BUT NOT LIMITED TO, THE IMPLIED WARRANTIES OF MERCHANTABILITY AND FITNESS F
      +                          OR
    38                           ; PURPOSE ARE DISCLAIMED.  IN NO EVENT SHALL MICROCHIP BE LIABLE FOR ANY DIRECT, INDIREC
      +                          T,
    39                           ; INCIDENTAL, SPECIAL, EXEMPLARY, OR CONSEQUENTIAL DAMAGES (INCLUDING BUT NOT LIMITED TO
    40                           ; PROCUREMENT OF SUBSTITUTE GOODS OR SERVICES; LOSS OF USE, DATA OR PROFITS; OR BUSINESS
    41                           ; INTERRUPTION) HOWSOEVER CAUSED AND ON ANY THEORY OF LIABILITY, WHETHER IN CONTRACT, ST
      +                          RICT
    42                           ; LIABILITY, OR TORT (INCLUDING NEGLIGENCE OR OTHERWISE) ARISING IN ANY WAY OUT OF THE U
      +                          SE OF
    43                           ; THIS SOFTWARE, EVEN IF ADVISED OF THE POSSIBILITY OF SUCH DAMAGE.
    44                           ; 
    45                           ; 
    46                           ; Code-generator required, PIC16F887 Definitions
    47                           ; 
    48                           ; SFR Addresses
    49  0000                     	;# 
    50  0001                     	;# 
    51  0002                     	;# 
    52  0003                     	;# 
    53  0004                     	;# 
    54  0005                     	;# 
    55  0006                     	;# 
    56  0007                     	;# 
    57  0008                     	;# 
    58  0009                     	;# 
    59  000A                     	;# 
    60  000B                     	;# 
    61  000C                     	;# 
    62  000D                     	;# 
    63  000E                     	;# 
    64  000E                     	;# 
    65  000F                     	;# 
    66  0010                     	;# 
    67  0011                     	;# 
    68  0012                     	;# 
    69  0013                     	;# 
    70  0014                     	;# 
    71  0015                     	;# 
    72  0015                     	;# 
    73  0016                     	;# 
    74  0017                     	;# 
    75  0018                     	;# 
    76  0019                     	;# 
    77  001A                     	;# 
    78  001B                     	;# 
    79  001B                     	;# 
    80  001C                     	;# 
    81  001D                     	;# 
    82  001E                     	;# 
    83  001F                     	;# 
    84  0081                     	;# 
    85  0085                     	;# 
    86  0086                     	;# 
    87  0087                     	;# 
    88  0088                     	;# 
    89  0089                     	;# 
    90  008C                     	;# 
    91  008D                     	;# 
    92  008E                     	;# 
    93  008F                     	;# 
    94  0090                     	;# 
    95  0091                     	;# 
    96  0092                     	;# 
    97  0093                     	;# 
    98  0093                     	;# 
    99  0093                     	;# 
   100  0094                     	;# 
   101  0095                     	;# 
   102  0096                     	;# 
   103  0097                     	;# 
   104  0098                     	;# 
   105  0099                     	;# 
   106  009A                     	;# 
   107  009B                     	;# 
   108  009C                     	;# 
   109  009D                     	;# 
   110  009E                     	;# 
   111  009F                     	;# 
   112  0105                     	;# 
   113  0107                     	;# 
   114  0108                     	;# 
   115  0109                     	;# 
   116  010C                     	;# 
   117  010C                     	;# 
   118  010D                     	;# 
   119  010E                     	;# 
   120  010F                     	;# 
   121  0185                     	;# 
   122  0187                     	;# 
   123  0188                     	;# 
   124  0189                     	;# 
   125  018C                     	;# 
   126  018D                     	;# 
   127  0000                     	;# 
   128  0001                     	;# 
   129  0002                     	;# 
   130  0003                     	;# 
   131  0004                     	;# 
   132  0005                     	;# 
   133  0006                     	;# 
   134  0007                     	;# 
   135  0008                     	;# 
   136  0009                     	;# 
   137  000A                     	;# 
   138  000B                     	;# 
   139  000C                     	;# 
   140  000D                     	;# 
   141  000E                     	;# 
   142  000E                     	;# 
   143  000F                     	;# 
   144  0010                     	;# 
   145  0011                     	;# 
   146  0012                     	;# 
   147  0013                     	;# 
   148  0014                     	;# 
   149  0015                     	;# 
   150  0015                     	;# 
   151  0016                     	;# 
   152  0017                     	;# 
   153  0018                     	;# 
   154  0019                     	;# 
   155  001A                     	;# 
   156  001B                     	;# 
   157  001B                     	;# 
   158  001C                     	;# 
   159  001D                     	;# 
   160  001E                     	;# 
   161  001F                     	;# 
   162  0081                     	;# 
   163  0085                     	;# 
   164  0086                     	;# 
   165  0087                     	;# 
   166  0088                     	;# 
   167  0089                     	;# 
   168  008C                     	;# 
   169  008D                     	;# 
   170  008E                     	;# 
   171  008F                     	;# 
   172  0090                     	;# 
   173  0091                     	;# 
   174  0092                     	;# 
   175  0093                     	;# 
   176  0093                     	;# 
   177  0093                     	;# 
   178  0094                     	;# 
   179  0095                     	;# 
   180  0096                     	;# 
   181  0097                     	;# 
   182  0098                     	;# 
   183  0099                     	;# 
   184  009A                     	;# 
   185  009B                     	;# 
   186  009C                     	;# 
   187  009D                     	;# 
   188  009E                     	;# 
   189  009F                     	;# 
   190  0105                     	;# 
   191  0107                     	;# 
   192  0108                     	;# 
   193  0109                     	;# 
   194  010C                     	;# 
   195  010C                     	;# 
   196  010D                     	;# 
   197  010E                     	;# 
   198  010F                     	;# 
   199  0185                     	;# 
   200  0187                     	;# 
   201  0188                     	;# 
   202  0189                     	;# 
   203  018C                     	;# 
   204  018D                     	;# 
   205  0000                     	;# 
   206  0001                     	;# 
   207  0002                     	;# 
   208  0003                     	;# 
   209  0004                     	;# 
   210  0005                     	;# 
   211  0006                     	;# 
   212  0007                     	;# 
   213  0008                     	;# 
   214  0009                     	;# 
   215  000A                     	;# 
   216  000B                     	;# 
   217  000C                     	;# 
   218  000D                     	;# 
   219  000E                     	;# 
   220  000E                     	;# 
   221  000F                     	;# 
   222  0010                     	;# 
   223  0011                     	;# 
   224  0012                     	;# 
   225  0013                     	;# 
   226  0014                     	;# 
   227  0015                     	;# 
   228  0015                     	;# 
   229  0016                     	;# 
   230  0017                     	;# 
   231  0018                     	;# 
   232  0019                     	;# 
   233  001A                     	;# 
   234  001B                     	;# 
   235  001B                     	;# 
   236  001C                     	;# 
   237  001D                     	;# 
   238  001E                     	;# 
   239  001F                     	;# 
   240  0081                     	;# 
   241  0085                     	;# 
   242  0086                     	;# 
   243  0087                     	;# 
   244  0088                     	;# 
   245  0089                     	;# 
   246  008C                     	;# 
   247  008D                     	;# 
   248  008E                     	;# 
   249  008F                     	;# 
   250  0090                     	;# 
   251  0091                     	;# 
   252  0092                     	;# 
   253  0093                     	;# 
   254  0093                     	;# 
   255  0093                     	;# 
   256  0094                     	;# 
   257  0095                     	;# 
   258  0096                     	;# 
   259  0097                     	;# 
   260  0098                     	;# 
   261  0099                     	;# 
   262  009A                     	;# 
   263  009B                     	;# 
   264  009C                     	;# 
   265  009D                     	;# 
   266  009E                     	;# 
   267  009F                     	;# 
   268  0105                     	;# 
   269  0107                     	;# 
   270  0108                     	;# 
   271  0109                     	;# 
   272  010C                     	;# 
   273  010C                     	;# 
   274  010D                     	;# 
   275  010E                     	;# 
   276  010F                     	;# 
   277  0185                     	;# 
   278  0187                     	;# 
   279  0188                     	;# 
   280  0189                     	;# 
   281  018C                     	;# 
   282  018D                     	;# 
   283  0014                     _SSPCON	set	20
   284  0006                     _PORTB	set	6
   285  0013                     _SSPBUF	set	19
   286  0014                     _SSPCONbits	set	20
   287  000C                     _PIR1bits	set	12
   288  0063                     _SSPIF	set	99
   289  005E                     _PEIE	set	94
   290  005F                     _GIE	set	95
   291  0091                     _SSPCON2bits	set	145
   292  0087                     _TRISCbits	set	135
   293  0094                     _SSPSTAT	set	148
   294  0093                     _SSPADD	set	147
   295  0091                     _SSPCON2	set	145
   296  008F                     _OSCCONbits	set	143
   297  0086                     _TRISB	set	134
   298  0094                     _SSPSTATbits	set	148
   299  0463                     _SSPIE	set	1123
   300  043C                     _TRISC4	set	1084
   301  043B                     _TRISC3	set	1083
   302  048C                     _ACKEN	set	1164
   303  048D                     _ACKDT	set	1165
   304  04A0                     _BF	set	1184
   305  0189                     _ANSELH	set	393
   306  0188                     _ANSEL	set	392
   307                           
   308                           	psect	cinit
   309  000F                     start_initialization:	
   310                           ; #config settings
   311                           
   312  000F                     __initialization:
   313                           
   314                           ; Clear objects allocated to COMMON
   315  000F  01F4               	clrf	__pbssCOMMON& (0+127)
   316  0010  01F5               	clrf	(__pbssCOMMON+1)& (0+127)
   317  0011  01F6               	clrf	(__pbssCOMMON+2)& (0+127)
   318  0012                     end_of_initialization:	
   319                           ;End of C runtime variable initialization code
   320                           
   321  0012                     __end_of__initialization:
   322  0012  0183               	clrf	3
   323  0013  120A  118A  287B   	ljmp	_main	;jump to C main() function
   324                           
   325                           	psect	bssCOMMON
   326  0074                     __pbssCOMMON:
   327  0074                     __tx_data:
   328  0074                     	ds	1
   329  0075                     __rx_data:
   330  0075                     	ds	1
   331  0076                     _z:
   332  0076                     	ds	1
   333                           
   334                           	psect	cstackCOMMON
   335  0070                     __pcstackCOMMON:
   336  0070                     ?_setup:
   337  0070                     ?_I2C_Slave_Init:	
   338                           ; 1 bytes @ 0x0
   339                           
   340  0070                     ?_isr:	
   341                           ; 1 bytes @ 0x0
   342                           
   343  0070                     ??_isr:	
   344                           ; 1 bytes @ 0x0
   345                           
   346  0070                     ?_main:	
   347                           ; 1 bytes @ 0x0
   348                           
   349                           
   350                           ; 1 bytes @ 0x0
   351  0070                     	ds	3
   352  0073                     ??_I2C_Slave_Init:
   353  0073                     I2C_Slave_Init@address:	
   354                           ; 1 bytes @ 0x3
   355                           
   356                           
   357                           ; 1 bytes @ 0x3
   358  0073                     	ds	1
   359  0074                     ??_setup:
   360  0074                     ??_main:	
   361                           ; 1 bytes @ 0x4
   362                           
   363                           
   364                           	psect	maintext
   365  007B                     __pmaintext:	
   366                           ; 1 bytes @ 0x4
   367 ;;
   368 ;;Main: autosize = 0, tempsize = 0, incstack = 0, save=0
   369 ;;
   370 ;; *************** function _main *****************
   371 ;; Defined at:
   372 ;;		line 97 in file "D:/UVG-IngenieriaElectronica/5to-Semestre/Electronica-Digital-2/mini-02/slave.X/slave.c"
   373 ;; Parameters:    Size  Location     Type
   374 ;;		None
   375 ;; Auto vars:     Size  Location     Type
   376 ;;		None
   377 ;; Return value:  Size  Location     Type
   378 ;;                  1    wreg      void 
   379 ;; Registers used:
   380 ;;		wreg, status,2, status,0, pclath, cstack
   381 ;; Tracked objects:
   382 ;;		On entry : B00/0
   383 ;;		On exit  : 0/0
   384 ;;		Unchanged: 0/0
   385 ;; Data sizes:     COMMON   BANK0   BANK1   BANK3   BANK2
   386 ;;      Params:         0       0       0       0       0
   387 ;;      Locals:         0       0       0       0       0
   388 ;;      Temps:          0       0       0       0       0
   389 ;;      Totals:         0       0       0       0       0
   390 ;;Total ram usage:        0 bytes
   391 ;; Hardware stack levels required when called: 3
   392 ;; This function calls:
   393 ;;		_setup
   394 ;; This function is called by:
   395 ;;		Startup code after reset
   396 ;; This function uses a non-reentrant model
   397 ;;
   398                           
   399                           
   400                           ;psect for function _main
   401  007B                     _main:
   402  007B                     l784:	
   403                           ;incstack = 0
   404                           ; Regs used in _main: [wreg+status,2+status,0+pclath+cstack]
   405                           
   406                           
   407                           ;D:/UVG-IngenieriaElectronica/5to-Semestre/Electronica-Digital-2/mini-02/slave.X/slave.c
      +                          : 98:     setup();
   408  007B  120A  118A  20C1  120A  118A  	fcall	_setup
   409  0080                     l786:
   410                           
   411                           ;D:/UVG-IngenieriaElectronica/5to-Semestre/Electronica-Digital-2/mini-02/slave.X/slave.c
      +                          : 103:         if (_rx_data == 1) {
   412  0080  0375               	decf	__rx_data,w
   413  0081  1D03               	btfss	3,2
   414  0082  2884               	goto	u121
   415  0083  2885               	goto	u120
   416  0084                     u121:
   417  0084  288A               	goto	l790
   418  0085                     u120:
   419  0085                     l788:
   420                           
   421                           ;D:/UVG-IngenieriaElectronica/5to-Semestre/Electronica-Digital-2/mini-02/slave.X/slave.c
      +                          : 104:             PORTB = 0x01;
   422  0085  3001               	movlw	1
   423  0086  1283               	bcf	3,5	;RP0=0, select bank0
   424  0087  1303               	bcf	3,6	;RP1=0, select bank0
   425  0088  0086               	movwf	6	;volatile
   426                           
   427                           ;D:/UVG-IngenieriaElectronica/5to-Semestre/Electronica-Digital-2/mini-02/slave.X/slave.c
      +                          : 105:         } else if (_rx_data == 2) {
   428  0089  2880               	goto	l786
   429  008A                     l790:
   430  008A  3002               	movlw	2
   431  008B  0675               	xorwf	__rx_data,w
   432  008C  1D03               	btfss	3,2
   433  008D  288F               	goto	u131
   434  008E  2890               	goto	u130
   435  008F                     u131:
   436  008F  2895               	goto	l794
   437  0090                     u130:
   438  0090                     l792:
   439                           
   440                           ;D:/UVG-IngenieriaElectronica/5to-Semestre/Electronica-Digital-2/mini-02/slave.X/slave.c
      +                          : 106:             PORTB = 0x04;
   441  0090  3004               	movlw	4
   442  0091  1283               	bcf	3,5	;RP0=0, select bank0
   443  0092  1303               	bcf	3,6	;RP1=0, select bank0
   444  0093  0086               	movwf	6	;volatile
   445                           
   446                           ;D:/UVG-IngenieriaElectronica/5to-Semestre/Electronica-Digital-2/mini-02/slave.X/slave.c
      +                          : 107:         } else if (_rx_data == 3) {
   447  0094  2880               	goto	l786
   448  0095                     l794:
   449  0095  3003               	movlw	3
   450  0096  0675               	xorwf	__rx_data,w
   451  0097  1D03               	btfss	3,2
   452  0098  289A               	goto	u141
   453  0099  289B               	goto	u140
   454  009A                     u141:
   455  009A  28A0               	goto	l798
   456  009B                     u140:
   457  009B                     l796:
   458                           
   459                           ;D:/UVG-IngenieriaElectronica/5to-Semestre/Electronica-Digital-2/mini-02/slave.X/slave.c
      +                          : 108:             PORTB = 0x10;
   460  009B  3010               	movlw	16
   461  009C  1283               	bcf	3,5	;RP0=0, select bank0
   462  009D  1303               	bcf	3,6	;RP1=0, select bank0
   463  009E  0086               	movwf	6	;volatile
   464                           
   465                           ;D:/UVG-IngenieriaElectronica/5to-Semestre/Electronica-Digital-2/mini-02/slave.X/slave.c
      +                          : 109:         } else {
   466  009F  2880               	goto	l786
   467  00A0                     l798:
   468                           
   469                           ;D:/UVG-IngenieriaElectronica/5to-Semestre/Electronica-Digital-2/mini-02/slave.X/slave.c
      +                          : 110:             PORTB = 0x00;
   470  00A0  1283               	bcf	3,5	;RP0=0, select bank0
   471  00A1  1303               	bcf	3,6	;RP1=0, select bank0
   472  00A2  0186               	clrf	6	;volatile
   473  00A3  2880               	goto	l786
   474  00A4  120A  118A  280C   	ljmp	start
   475  00A7                     __end_of_main:
   476                           
   477                           	psect	text1
   478  00C1                     __ptext1:	
   479 ;; *************** function _setup *****************
   480 ;; Defined at:
   481 ;;		line 118 in file "D:/UVG-IngenieriaElectronica/5to-Semestre/Electronica-Digital-2/mini-02/slave.X/slave.c"
   482 ;; Parameters:    Size  Location     Type
   483 ;;		None
   484 ;; Auto vars:     Size  Location     Type
   485 ;;		None
   486 ;; Return value:  Size  Location     Type
   487 ;;                  1    wreg      void 
   488 ;; Registers used:
   489 ;;		wreg, status,2, status,0, pclath, cstack
   490 ;; Tracked objects:
   491 ;;		On entry : 0/0
   492 ;;		On exit  : 0/0
   493 ;;		Unchanged: 0/0
   494 ;; Data sizes:     COMMON   BANK0   BANK1   BANK3   BANK2
   495 ;;      Params:         0       0       0       0       0
   496 ;;      Locals:         0       0       0       0       0
   497 ;;      Temps:          0       0       0       0       0
   498 ;;      Totals:         0       0       0       0       0
   499 ;;Total ram usage:        0 bytes
   500 ;; Hardware stack levels used: 1
   501 ;; Hardware stack levels required when called: 2
   502 ;; This function calls:
   503 ;;		_I2C_Slave_Init
   504 ;; This function is called by:
   505 ;;		_main
   506 ;; This function uses a non-reentrant model
   507 ;;
   508                           
   509                           
   510                           ;psect for function _setup
   511  00C1                     _setup:
   512  00C1                     l738:	
   513                           ;incstack = 0
   514                           ; Regs used in _setup: [wreg+status,2+status,0+pclath+cstack]
   515                           
   516                           
   517                           ;D:/UVG-IngenieriaElectronica/5to-Semestre/Electronica-Digital-2/mini-02/slave.X/slave.c
      +                          : 123:     ANSEL = 0;
   518  00C1  1683               	bsf	3,5	;RP0=1, select bank3
   519  00C2  1703               	bsf	3,6	;RP1=1, select bank3
   520  00C3  0188               	clrf	8	;volatile
   521                           
   522                           ;D:/UVG-IngenieriaElectronica/5to-Semestre/Electronica-Digital-2/mini-02/slave.X/slave.c
      +                          : 124:     ANSELH = 0;
   523  00C4  0189               	clrf	9	;volatile
   524                           
   525                           ;D:/UVG-IngenieriaElectronica/5to-Semestre/Electronica-Digital-2/mini-02/slave.X/slave.c
      +                          : 126:     TRISB = 0;
   526  00C5  1683               	bsf	3,5	;RP0=1, select bank1
   527  00C6  1303               	bcf	3,6	;RP1=0, select bank1
   528  00C7  0186               	clrf	6	;volatile
   529                           
   530                           ;D:/UVG-IngenieriaElectronica/5to-Semestre/Electronica-Digital-2/mini-02/slave.X/slave.c
      +                          : 128:     PORTB = 0;
   531  00C8  1283               	bcf	3,5	;RP0=0, select bank0
   532  00C9  1303               	bcf	3,6	;RP1=0, select bank0
   533  00CA  0186               	clrf	6	;volatile
   534  00CB                     l740:
   535                           
   536                           ;D:/UVG-IngenieriaElectronica/5to-Semestre/Electronica-Digital-2/mini-02/slave.X/slave.c
      +                          : 133:     OSCCONbits.IRCF = 0b111;
   537  00CB  3070               	movlw	112
   538  00CC  1683               	bsf	3,5	;RP0=1, select bank1
   539  00CD  1303               	bcf	3,6	;RP1=0, select bank1
   540  00CE  048F               	iorwf	15,f	;volatile
   541  00CF                     l742:
   542                           
   543                           ;D:/UVG-IngenieriaElectronica/5to-Semestre/Electronica-Digital-2/mini-02/slave.X/slave.c
      +                          : 134:     OSCCONbits.SCS = 1;
   544  00CF  140F               	bsf	15,0	;volatile
   545  00D0                     l744:
   546                           
   547                           ;D:/UVG-IngenieriaElectronica/5to-Semestre/Electronica-Digital-2/mini-02/slave.X/slave.c
      +                          : 139:     I2C_Slave_Init(0x50);
   548  00D0  3050               	movlw	80
   549  00D1  120A  118A  20A7  120A  118A  	fcall	_I2C_Slave_Init
   550  00D6                     l67:
   551  00D6  0008               	return
   552  00D7                     __end_of_setup:
   553                           
   554                           	psect	text2
   555  00A7                     __ptext2:	
   556 ;; *************** function _I2C_Slave_Init *****************
   557 ;; Defined at:
   558 ;;		line 113 in file "D:/UVG-IngenieriaElectronica/5to-Semestre/Electronica-Digital-2/mini-02/master.X/_I2C.c"
   559 ;; Parameters:    Size  Location     Type
   560 ;;  address         1    wreg     unsigned char 
   561 ;; Auto vars:     Size  Location     Type
   562 ;;  address         1    3[COMMON] unsigned char 
   563 ;; Return value:  Size  Location     Type
   564 ;;                  1    wreg      void 
   565 ;; Registers used:
   566 ;;		wreg
   567 ;; Tracked objects:
   568 ;;		On entry : 0/0
   569 ;;		On exit  : 0/0
   570 ;;		Unchanged: 0/0
   571 ;; Data sizes:     COMMON   BANK0   BANK1   BANK3   BANK2
   572 ;;      Params:         0       0       0       0       0
   573 ;;      Locals:         1       0       0       0       0
   574 ;;      Temps:          0       0       0       0       0
   575 ;;      Totals:         1       0       0       0       0
   576 ;;Total ram usage:        1 bytes
   577 ;; Hardware stack levels used: 1
   578 ;; Hardware stack levels required when called: 1
   579 ;; This function calls:
   580 ;;		Nothing
   581 ;; This function is called by:
   582 ;;		_setup
   583 ;; This function uses a non-reentrant model
   584 ;;
   585                           
   586                           
   587                           ;psect for function _I2C_Slave_Init
   588  00A7                     _I2C_Slave_Init:
   589                           
   590                           ;incstack = 0
   591                           ; Regs used in _I2C_Slave_Init: [wreg]
   592                           ;I2C_Slave_Init@address stored from wreg
   593  00A7  00F3               	movwf	I2C_Slave_Init@address
   594  00A8                     l724:
   595                           
   596                           ;D:/UVG-IngenieriaElectronica/5to-Semestre/Electronica-Digital-2/mini-02/master.X/_I2C.c
      +                          : 113: void I2C_Slave_Init(uint8_t address);D:/UVG-IngenieriaElectronica/5to-Semestre/El
      +                          ectronica-Digital-2/mini-02/master.X/_I2C.c: 114: {;D:/UVG-IngenieriaElectronica/5to-Sem
      +                          estre/Electronica-Digital-2/mini-02/master.X/_I2C.c: 115:     SSPADD = address;
   597  00A8  0873               	movf	I2C_Slave_Init@address,w
   598  00A9  1683               	bsf	3,5	;RP0=1, select bank1
   599  00AA  1303               	bcf	3,6	;RP1=0, select bank1
   600  00AB  0093               	movwf	19	;volatile
   601                           
   602                           ;D:/UVG-IngenieriaElectronica/5to-Semestre/Electronica-Digital-2/mini-02/master.X/_I2C.c
      +                          : 116:     SSPCON = 0x36;
   603  00AC  3036               	movlw	54
   604  00AD  1283               	bcf	3,5	;RP0=0, select bank0
   605  00AE  1303               	bcf	3,6	;RP1=0, select bank0
   606  00AF  0094               	movwf	20	;volatile
   607                           
   608                           ;D:/UVG-IngenieriaElectronica/5to-Semestre/Electronica-Digital-2/mini-02/master.X/_I2C.c
      +                          : 117:     SSPSTAT = 0x80;
   609  00B0  3080               	movlw	128
   610  00B1  1683               	bsf	3,5	;RP0=1, select bank1
   611  00B2  1303               	bcf	3,6	;RP1=0, select bank1
   612  00B3  0094               	movwf	20	;volatile
   613                           
   614                           ;D:/UVG-IngenieriaElectronica/5to-Semestre/Electronica-Digital-2/mini-02/master.X/_I2C.c
      +                          : 118:     SSPCON2 = 0x01;
   615  00B4  3001               	movlw	1
   616  00B5  0091               	movwf	17	;volatile
   617  00B6                     l726:
   618                           
   619                           ;D:/UVG-IngenieriaElectronica/5to-Semestre/Electronica-Digital-2/mini-02/master.X/_I2C.c
      +                          : 119:     TRISC3 = 1;
   620  00B6  1587               	bsf	7,3	;volatile
   621  00B7                     l728:
   622                           
   623                           ;D:/UVG-IngenieriaElectronica/5to-Semestre/Electronica-Digital-2/mini-02/master.X/_I2C.c
      +                          : 120:     TRISC4 = 1;
   624  00B7  1607               	bsf	7,4	;volatile
   625  00B8                     l730:
   626                           
   627                           ;D:/UVG-IngenieriaElectronica/5to-Semestre/Electronica-Digital-2/mini-02/master.X/_I2C.c
      +                          : 121:     GIE = 1;
   628  00B8  178B               	bsf	11,7	;volatile
   629  00B9                     l732:
   630                           
   631                           ;D:/UVG-IngenieriaElectronica/5to-Semestre/Electronica-Digital-2/mini-02/master.X/_I2C.c
      +                          : 122:     PEIE = 1;
   632  00B9  170B               	bsf	11,6	;volatile
   633  00BA                     l734:
   634                           
   635                           ;D:/UVG-IngenieriaElectronica/5to-Semestre/Electronica-Digital-2/mini-02/master.X/_I2C.c
      +                          : 123:     SSPIF = 0;
   636  00BA  1283               	bcf	3,5	;RP0=0, select bank0
   637  00BB  1303               	bcf	3,6	;RP1=0, select bank0
   638  00BC  118C               	bcf	12,3	;volatile
   639  00BD                     l736:
   640                           
   641                           ;D:/UVG-IngenieriaElectronica/5to-Semestre/Electronica-Digital-2/mini-02/master.X/_I2C.c
      +                          : 124:     SSPIE = 1;
   642  00BD  1683               	bsf	3,5	;RP0=1, select bank1
   643  00BE  1303               	bcf	3,6	;RP1=0, select bank1
   644  00BF  158C               	bsf	12,3	;volatile
   645  00C0                     l132:
   646  00C0  0008               	return
   647  00C1                     __end_of_I2C_Slave_Init:
   648                           
   649                           	psect	text3
   650  0016                     __ptext3:	
   651 ;; *************** function _isr *****************
   652 ;; Defined at:
   653 ;;		line 59 in file "D:/UVG-IngenieriaElectronica/5to-Semestre/Electronica-Digital-2/mini-02/slave.X/slave.c"
   654 ;; Parameters:    Size  Location     Type
   655 ;;		None
   656 ;; Auto vars:     Size  Location     Type
   657 ;;		None
   658 ;; Return value:  Size  Location     Type
   659 ;;                  1    wreg      void 
   660 ;; Registers used:
   661 ;;		wreg
   662 ;; Tracked objects:
   663 ;;		On entry : 0/0
   664 ;;		On exit  : 0/0
   665 ;;		Unchanged: 0/0
   666 ;; Data sizes:     COMMON   BANK0   BANK1   BANK3   BANK2
   667 ;;      Params:         0       0       0       0       0
   668 ;;      Locals:         0       0       0       0       0
   669 ;;      Temps:          3       0       0       0       0
   670 ;;      Totals:         3       0       0       0       0
   671 ;;Total ram usage:        3 bytes
   672 ;; Hardware stack levels used: 1
   673 ;; This function calls:
   674 ;;		Nothing
   675 ;; This function is called by:
   676 ;;		Interrupt level 1
   677 ;; This function uses a non-reentrant model
   678 ;;
   679                           
   680                           
   681                           ;psect for function _isr
   682  0016                     _isr:
   683  0016                     i1l750:
   684                           
   685                           ;D:/UVG-IngenieriaElectronica/5to-Semestre/Electronica-Digital-2/mini-02/slave.X/slave.c
      +                          : 60:     if(PIR1bits.SSPIF == 1){
   686  0016  1283               	bcf	3,5	;RP0=0, select bank0
   687  0017  1303               	bcf	3,6	;RP1=0, select bank0
   688  0018  1D8C               	btfss	12,3	;volatile
   689  0019  281B               	goto	u3_21
   690  001A  281C               	goto	u3_20
   691  001B                     u3_21:
   692  001B  2874               	goto	i1l50
   693  001C                     u3_20:
   694  001C                     i1l752:
   695                           
   696                           ;D:/UVG-IngenieriaElectronica/5to-Semestre/Electronica-Digital-2/mini-02/slave.X/slave.c
      +                          : 62:         SSPCONbits.CKP = 0;
   697  001C  1214               	bcf	20,4	;volatile
   698                           
   699                           ;D:/UVG-IngenieriaElectronica/5to-Semestre/Electronica-Digital-2/mini-02/slave.X/slave.c
      +                          : 64:         if ((SSPCONbits.SSPOV) || (SSPCONbits.WCOL)){
   700  001D  1B14               	btfsc	20,6	;volatile
   701  001E  2820               	goto	u4_21
   702  001F  2821               	goto	u4_20
   703  0020                     u4_21:
   704  0020  2825               	goto	i1l756
   705  0021                     u4_20:
   706  0021                     i1l754:
   707  0021  1F94               	btfss	20,7	;volatile
   708  0022  2824               	goto	u5_21
   709  0023  2825               	goto	u5_20
   710  0024                     u5_21:
   711  0024  282C               	goto	i1l764
   712  0025                     u5_20:
   713  0025                     i1l756:
   714                           
   715                           ;D:/UVG-IngenieriaElectronica/5to-Semestre/Electronica-Digital-2/mini-02/slave.X/slave.c
      +                          : 65:             z = SSPBUF;
   716  0025  0813               	movf	19,w	;volatile
   717  0026  00F0               	movwf	??_isr
   718  0027  0870               	movf	??_isr,w
   719  0028  00F6               	movwf	_z
   720  0029                     i1l758:
   721                           
   722                           ;D:/UVG-IngenieriaElectronica/5to-Semestre/Electronica-Digital-2/mini-02/slave.X/slave.c
      +                          : 66:             SSPCONbits.SSPOV = 0;
   723  0029  1314               	bcf	20,6	;volatile
   724  002A                     i1l760:
   725                           
   726                           ;D:/UVG-IngenieriaElectronica/5to-Semestre/Electronica-Digital-2/mini-02/slave.X/slave.c
      +                          : 67:             SSPCONbits.WCOL = 0;
   727  002A  1394               	bcf	20,7	;volatile
   728  002B                     i1l762:
   729                           
   730                           ;D:/UVG-IngenieriaElectronica/5to-Semestre/Electronica-Digital-2/mini-02/slave.X/slave.c
      +                          : 68:             SSPCONbits.CKP = 1;
   731  002B  1614               	bsf	20,4	;volatile
   732  002C                     i1l764:
   733                           
   734                           ;D:/UVG-IngenieriaElectronica/5to-Semestre/Electronica-Digital-2/mini-02/slave.X/slave.c
      +                          : 71:         if(!SSPSTATbits.D_nA && !SSPSTATbits.R_nW) {
   735  002C  1683               	bsf	3,5	;RP0=1, select bank1
   736  002D  1303               	bcf	3,6	;RP1=0, select bank1
   737  002E  1A94               	btfsc	20,5	;volatile
   738  002F  2831               	goto	u6_21
   739  0030  2832               	goto	u6_20
   740  0031                     u6_21:
   741  0031  2850               	goto	i1l41
   742  0032                     u6_20:
   743  0032                     i1l766:
   744  0032  1914               	btfsc	20,2	;volatile
   745  0033  2835               	goto	u7_21
   746  0034  2836               	goto	u7_20
   747  0035                     u7_21:
   748  0035  2850               	goto	i1l41
   749  0036                     u7_20:
   750  0036                     i1l768:
   751                           
   752                           ;D:/UVG-IngenieriaElectronica/5to-Semestre/Electronica-Digital-2/mini-02/slave.X/slave.c
      +                          : 73:             z = SSPBUF;
   753  0036  1283               	bcf	3,5	;RP0=0, select bank0
   754  0037  1303               	bcf	3,6	;RP1=0, select bank0
   755  0038  0813               	movf	19,w	;volatile
   756  0039  00F0               	movwf	??_isr
   757  003A  0870               	movf	??_isr,w
   758  003B  00F6               	movwf	_z
   759  003C                     i1l770:
   760                           
   761                           ;D:/UVG-IngenieriaElectronica/5to-Semestre/Electronica-Digital-2/mini-02/slave.X/slave.c
      +                          : 75:             PIR1bits.SSPIF = 0;
   762  003C  118C               	bcf	12,3	;volatile
   763  003D                     i1l772:
   764                           
   765                           ;D:/UVG-IngenieriaElectronica/5to-Semestre/Electronica-Digital-2/mini-02/slave.X/slave.c
      +                          : 76:             SSPCONbits.CKP = 1;
   766  003D  1614               	bsf	20,4	;volatile
   767  003E                     i1l42:	
   768                           ;D:/UVG-IngenieriaElectronica/5to-Semestre/Electronica-Digital-2/mini-02/slave.X/slave.c
      +                          : 77:             while(!SSPSTATbits.BF);
   769                           
   770  003E  1683               	bsf	3,5	;RP0=1, select bank1
   771  003F  1303               	bcf	3,6	;RP1=0, select bank1
   772  0040  1C14               	btfss	20,0	;volatile
   773  0041  2843               	goto	u8_21
   774  0042  2844               	goto	u8_20
   775  0043                     u8_21:
   776  0043  283E               	goto	i1l42
   777  0044                     u8_20:
   778  0044                     i1l774:
   779                           
   780                           ;D:/UVG-IngenieriaElectronica/5to-Semestre/Electronica-Digital-2/mini-02/slave.X/slave.c
      +                          : 78:             _rx_data = SSPBUF;
   781  0044  1283               	bcf	3,5	;RP0=0, select bank0
   782  0045  1303               	bcf	3,6	;RP1=0, select bank0
   783  0046  0813               	movf	19,w	;volatile
   784  0047  00F0               	movwf	??_isr
   785  0048  0870               	movf	??_isr,w
   786  0049  00F5               	movwf	__rx_data
   787                           
   788                           ;D:/UVG-IngenieriaElectronica/5to-Semestre/Electronica-Digital-2/mini-02/slave.X/slave.c
      +                          : 79:             _delay((unsigned long)((250)*(8000000/4000000.0)));
   789  004A  30A6               	movlw	166
   790  004B  00F0               	movwf	??_isr
   791  004C                     u17_27:
   792  004C  0BF0               	decfsz	??_isr,f
   793  004D  284C               	goto	u17_27
   794  004E  0000               	nop
   795                           
   796                           ;D:/UVG-IngenieriaElectronica/5to-Semestre/Electronica-Digital-2/mini-02/slave.X/slave.c
      +                          : 81:         }else if(!SSPSTATbits.D_nA && SSPSTATbits.R_nW){
   797  004F  2871               	goto	i1l45
   798  0050                     i1l41:
   799  0050  1A94               	btfsc	20,5	;volatile
   800  0051  2853               	goto	u9_21
   801  0052  2854               	goto	u9_20
   802  0053                     u9_21:
   803  0053  2871               	goto	i1l45
   804  0054                     u9_20:
   805  0054                     i1l776:
   806  0054  1D14               	btfss	20,2	;volatile
   807  0055  2857               	goto	u10_21
   808  0056  2858               	goto	u10_20
   809  0057                     u10_21:
   810  0057  2871               	goto	i1l45
   811  0058                     u10_20:
   812  0058                     i1l778:
   813                           
   814                           ;D:/UVG-IngenieriaElectronica/5to-Semestre/Electronica-Digital-2/mini-02/slave.X/slave.c
      +                          : 82:             z = SSPBUF;
   815  0058  1283               	bcf	3,5	;RP0=0, select bank0
   816  0059  1303               	bcf	3,6	;RP1=0, select bank0
   817  005A  0813               	movf	19,w	;volatile
   818  005B  00F0               	movwf	??_isr
   819  005C  0870               	movf	??_isr,w
   820  005D  00F6               	movwf	_z
   821  005E                     i1l780:
   822                           
   823                           ;D:/UVG-IngenieriaElectronica/5to-Semestre/Electronica-Digital-2/mini-02/slave.X/slave.c
      +                          : 83:             BF = 0;
   824  005E  1683               	bsf	3,5	;RP0=1, select bank1
   825  005F  1303               	bcf	3,6	;RP1=0, select bank1
   826  0060  1014               	bcf	20,0	;volatile
   827                           
   828                           ;D:/UVG-IngenieriaElectronica/5to-Semestre/Electronica-Digital-2/mini-02/slave.X/slave.c
      +                          : 84:             SSPBUF = _tx_data;
   829  0061  0874               	movf	__tx_data,w
   830  0062  1283               	bcf	3,5	;RP0=0, select bank0
   831  0063  1303               	bcf	3,6	;RP1=0, select bank0
   832  0064  0093               	movwf	19	;volatile
   833  0065                     i1l782:
   834                           
   835                           ;D:/UVG-IngenieriaElectronica/5to-Semestre/Electronica-Digital-2/mini-02/slave.X/slave.c
      +                          : 85:             SSPCONbits.CKP = 1;
   836  0065  1614               	bsf	20,4	;volatile
   837                           
   838                           ;D:/UVG-IngenieriaElectronica/5to-Semestre/Electronica-Digital-2/mini-02/slave.X/slave.c
      +                          : 86:             _delay((unsigned long)((250)*(8000000/4000000.0)));
   839  0066  30A6               	movlw	166
   840  0067  00F0               	movwf	??_isr
   841  0068                     u18_27:
   842  0068  0BF0               	decfsz	??_isr,f
   843  0069  2868               	goto	u18_27
   844  006A  0000               	nop
   845  006B                     i1l47:	
   846                           ;D:/UVG-IngenieriaElectronica/5to-Semestre/Electronica-Digital-2/mini-02/slave.X/slave.c
      +                          : 87:             while(SSPSTATbits.BF);
   847                           
   848  006B  1683               	bsf	3,5	;RP0=1, select bank1
   849  006C  1303               	bcf	3,6	;RP1=0, select bank1
   850  006D  1814               	btfsc	20,0	;volatile
   851  006E  2870               	goto	u11_21
   852  006F  2871               	goto	u11_20
   853  0070                     u11_21:
   854  0070  286B               	goto	i1l47
   855  0071                     u11_20:
   856  0071                     i1l45:
   857                           
   858                           ;D:/UVG-IngenieriaElectronica/5to-Semestre/Electronica-Digital-2/mini-02/slave.X/slave.c
      +                          : 90:         PIR1bits.SSPIF = 0;
   859  0071  1283               	bcf	3,5	;RP0=0, select bank0
   860  0072  1303               	bcf	3,6	;RP1=0, select bank0
   861  0073  118C               	bcf	12,3	;volatile
   862  0074                     i1l50:
   863  0074  0872               	movf	??_isr+2,w
   864  0075  008A               	movwf	10
   865  0076  0E71               	swapf	??_isr+1,w
   866  0077  0083               	movwf	3
   867  0078  0EFE               	swapf	btemp,f
   868  0079  0E7E               	swapf	btemp,w
   869  007A  0009               	retfie
   870  007B                     __end_of_isr:
   871  007E                     btemp	set	126	;btemp
   872  007E                     wtemp0	set	126
   873                           
   874                           	psect	intentry
   875  0004                     __pintentry:	
   876                           ;incstack = 0
   877                           ; Regs used in _isr: [wreg]
   878                           
   879  0004                     interrupt_function:
   880  007E                     saved_w	set	btemp
   881  0004  00FE               	movwf	btemp
   882  0005  0E03               	swapf	3,w
   883  0006  00F1               	movwf	??_isr+1
   884  0007  080A               	movf	10,w
   885  0008  00F2               	movwf	??_isr+2
   886  0009  120A  118A  2816   	ljmp	_isr
   887                           
   888                           	psect	config
   889                           
   890                           ;Config register CONFIG1 @ 0x2007
   891                           ;	Oscillator Selection bits
   892                           ;	FOSC = INTRC_NOCLKOUT, INTOSCIO oscillator: I/O function on RA6/OSC2/CLKOUT pin, I/O f
      +                          unction on RA7/OSC1/CLKIN
   893                           ;	Watchdog Timer Enable bit
   894                           ;	WDTE = OFF, WDT disabled and can be enabled by SWDTEN bit of the WDTCON register
   895                           ;	Power-up Timer Enable bit
   896                           ;	PWRTE = OFF, PWRT disabled
   897                           ;	RE3/MCLR pin function select bit
   898                           ;	MCLRE = OFF, RE3/MCLR pin function is digital input, MCLR internally tied to VDD
   899                           ;	Code Protection bit
   900                           ;	CP = OFF, Program memory code protection is disabled
   901                           ;	Data Code Protection bit
   902                           ;	CPD = OFF, Data memory code protection is disabled
   903                           ;	Brown Out Reset Selection bits
   904                           ;	BOREN = OFF, BOR disabled
   905                           ;	Internal External Switchover bit
   906                           ;	IESO = OFF, Internal/External Switchover mode is disabled
   907                           ;	Fail-Safe Clock Monitor Enabled bit
   908                           ;	FCMEN = OFF, Fail-Safe Clock Monitor is disabled
   909                           ;	Low Voltage Programming Enable bit
   910                           ;	LVP = OFF, RB3 pin has digital I/O, HV on MCLR must be used for programming
   911                           ;	In-Circuit Debugger Mode bit
   912                           ;	DEBUG = 0x1, unprogrammed default
   913  2007                     	org	8199
   914  2007  20D4               	dw	8404
   915                           
   916                           ;Config register CONFIG2 @ 0x2008
   917                           ;	Brown-out Reset Selection bit
   918                           ;	BOR4V = BOR40V, Brown-out Reset set to 4.0V
   919                           ;	Flash Program Memory Self Write Enable bits
   920                           ;	WRT = OFF, Write protection off
   921  2008                     	org	8200
   922  2008  3FFF               	dw	16383

Data Sizes:
    Strings     0
    Constant    0
    Data        0
    BSS         3
    Persistent  0
    Stack       0

Auto Spaces:
    Space          Size  Autos    Used
    COMMON           14      4       7
    BANK0            80      0       0
    BANK1            80      0       0
    BANK3            96      0       0
    BANK2            96      0       0

Pointer List with Targets:

    None.

Critical Paths under _main in COMMON

    _setup->_I2C_Slave_Init

Critical Paths under _isr in COMMON

    None.

Critical Paths under _main in BANK0

    None.

Critical Paths under _isr in BANK0

    None.

Critical Paths under _main in BANK1

    None.

Critical Paths under _isr in BANK1

    None.

Critical Paths under _main in BANK3

    None.

Critical Paths under _isr in BANK3

    None.

Critical Paths under _main in BANK2

    None.

Critical Paths under _isr in BANK2

    None.

Call Graph Tables:

 ---------------------------------------------------------------------------------
 (Depth) Function   	        Calls       Base Space   Used Autos Params    Refs
 ---------------------------------------------------------------------------------
 (0) _main                                                 0     0      0      15
                              _setup
 ---------------------------------------------------------------------------------
 (1) _setup                                                0     0      0      15
                     _I2C_Slave_Init
 ---------------------------------------------------------------------------------
 (2) _I2C_Slave_Init                                       1     1      0      15
                                              3 COMMON     1     1      0
 ---------------------------------------------------------------------------------
 Estimated maximum stack depth 2
 ---------------------------------------------------------------------------------
 (Depth) Function   	        Calls       Base Space   Used Autos Params    Refs
 ---------------------------------------------------------------------------------
 (3) _isr                                                  3     3      0       0
                                              0 COMMON     3     3      0
 ---------------------------------------------------------------------------------
 Estimated maximum stack depth 3
 ---------------------------------------------------------------------------------

 Call Graph Graphs:

 _main (ROOT)
   _setup
     _I2C_Slave_Init

 _isr (ROOT)

 Address spaces:
Name               Size   Autos  Total    Cost      Usage
BITCOMMON            E      0       0       0        0.0%
EEDATA             100      0       0       0        0.0%
NULL                 0      0       0       0        0.0%
CODE                 0      0       0       0        0.0%
COMMON               E      4       7       1       50.0%
BITSFR0              0      0       0       1        0.0%
SFR0                 0      0       0       1        0.0%
BITSFR1              0      0       0       2        0.0%
SFR1                 0      0       0       2        0.0%
STACK                0      0       0       2        0.0%
ABS                  0      0       7       3        0.0%
BITBANK0            50      0       0       4        0.0%
BITSFR3              0      0       0       4        0.0%
SFR3                 0      0       0       4        0.0%
BANK0               50      0       0       5        0.0%
BITSFR2              0      0       0       5        0.0%
SFR2                 0      0       0       5        0.0%
BITBANK1            50      0       0       6        0.0%
BANK1               50      0       0       7        0.0%
BITBANK3            60      0       0       8        0.0%
BANK3               60      0       0       9        0.0%
BITBANK2            60      0       0      10        0.0%
BANK2               60      0       0      11        0.0%
DATA                 0      0       7      12        0.0%


Microchip Technology PIC Macro Assembler V2.32 build 20210201212658 
Symbol Table                                                                                   Thu Mar 03 16:30:48 2022

                      _z 0076              _SSPSTATbits 0094                       _BF 04A0  
                     l67 00D6                      l132 00C0                      l730 00B8  
                    l732 00B9                      l724 00A8                      l740 00CB  
                    l734 00BA                      l726 00B6                      l742 00CF  
                    l736 00BD                      l728 00B7                      l744 00D0  
                    l738 00C1                      l790 008A                      l792 0090  
                    l784 007B                      l794 0095                      l786 0080  
                    l796 009B                      l788 0085                      l798 00A0  
                    _GIE 005F                      u120 0085                      u121 0084  
                    u130 0090                      u131 008F                      u140 009B  
                    u141 009A                      _isr 0016                     ?_isr 0070  
                   _PEIE 005E                     i1l41 0050                     i1l42 003E  
                   i1l50 0074                     i1l45 0071                     i1l47 006B  
                   u3_20 001C                     u3_21 001B                     u4_20 0021  
                   u4_21 0020                     u5_20 0025                     u5_21 0024  
                   u6_20 0032                     u6_21 0031                     u7_20 0036  
                   u7_21 0035                     u8_20 0044                     u8_21 0043  
                   u9_20 0054                     u9_21 0053                     _main 007B  
                   btemp 007E                     start 000C                    ??_isr 0070  
                  ?_main 0070                    _ACKEN 048C                    _ACKDT 048D  
                  _ANSEL 0188                    i1l750 0016                    i1l760 002A  
                  i1l752 001C                    i1l770 003C                    i1l762 002B  
                  i1l754 0021                    i1l780 005E                    i1l772 003D  
                  i1l764 002C                    i1l756 0025                    i1l782 0065  
                  i1l774 0044                    i1l766 0032                    i1l758 0029  
                  i1l776 0054                    i1l768 0036                    i1l778 0058  
                  u10_20 0058                    u10_21 0057                    u11_20 0071  
                  u11_21 0070                    u17_27 004C                    u18_27 0068  
                  _PORTB 0006                    _TRISB 0086                    _SSPIE 0463  
                  _SSPIF 0063                    _setup 00C1                    pclath 000A  
                  status 0003                    wtemp0 007E          __initialization 000F  
           __end_of_main 00A7                   ??_main 0074                   ?_setup 0070  
                 _ANSELH 0189                   _SSPADD 0093                   _TRISC3 043B  
                 _TRISC4 043C                   _SSPBUF 0013                   _SSPCON 0014  
                 saved_w 007E  __end_of__initialization 0012           __pcstackCOMMON 0070  
__size_of_I2C_Slave_Init 001A            __end_of_setup 00D7                  ??_setup 0074  
  I2C_Slave_Init@address 0073               __pmaintext 007B               __pintentry 0004  
                _SSPCON2 0091                  _SSPSTAT 0094                  __ptext1 00C1  
                __ptext2 00A7                  __ptext3 0016             __size_of_isr 0065  
   end_of_initialization 0012           _I2C_Slave_Init 00A7                _TRISCbits 0087  
 __end_of_I2C_Slave_Init 00C1      start_initialization 000F              __end_of_isr 007B  
        ?_I2C_Slave_Init 0070              __pbssCOMMON 0074                ___latbits 0002  
         __size_of_setup 0016        interrupt_function 0004                 _PIR1bits 000C  
               __rx_data 0075                 __tx_data 0074         ??_I2C_Slave_Init 0073  
          __size_of_main 002C                 intlevel1 0000               _OSCCONbits 008F  
            _SSPCON2bits 0091               _SSPCONbits 0014  
